19-03-28 12:15:10.7015789 pid:18100 tid:1 sqltools Critical: 0 : An unhandled exception occurred: System.AggregateException: One or more errors occurred. (One or more errors occurred. (Could not load file or assembly 'System.Drawing.Primitives, Version=4.2.0.0, Culture=neutral, PublicKeyToken=b03f5f7f11d50a3a'. The process cannot access the file because it is being used by another process. (Exception from HRESULT: 0x80070020))) ---> System.AggregateException: One or more errors occurred. (Could not load file or assembly 'System.Drawing.Primitives, Version=4.2.0.0, Culture=neutral, PublicKeyToken=b03f5f7f11d50a3a'. The process cannot access the file because it is being used by another process. (Exception from HRESULT: 0x80070020)) ---> System.IO.FileLoadException: Could not load file or assembly 'System.Drawing.Primitives, Version=4.2.0.0, Culture=neutral, PublicKeyToken=b03f5f7f11d50a3a'. The process cannot access the file because it is being used by another process. (Exception from HRESULT: 0x80070020)
   at System.ComponentModel.ReflectTypeDescriptionProvider.<>c.<get_IntrinsicTypeConverters>b__22_0()
   at System.Threading.LazyInitializer.EnsureInitializedCore[T](T& target, Func`1 valueFactory)
   at System.ComponentModel.ReflectTypeDescriptionProvider.get_IntrinsicTypeConverters()
   at System.ComponentModel.ReflectTypeDescriptionProvider.ReflectedTypeData.GetConverter(Object instance)
   at System.ComponentModel.TypeDescriptor.TypeDescriptionNode.DefaultTypeDescriptor.System.ComponentModel.ICustomTypeDescriptor.GetConverter()
   at System.ComponentModel.TypeDescriptor.GetConverter(Type type)
   at Newtonsoft.Json.Serialization.JsonTypeReflector.CanTypeDescriptorConvertString(Type type, TypeConverter& typeConverter)
   at Newtonsoft.Json.Serialization.DefaultContractResolver.CanConvertToString(Type type)
   at Newtonsoft.Json.Serialization.DefaultContractResolver.CreateContract(Type objectType)
   at Newtonsoft.Json.Serialization.DefaultContractResolver.ResolveContract(Type type)
   at Newtonsoft.Json.Serialization.JsonSerializerInternalReader.Deserialize(JsonReader reader, Type objectType, Boolean checkAdditionalContent)
   at Newtonsoft.Json.JsonSerializer.DeserializeInternal(JsonReader reader, Type objectType)
   at Newtonsoft.Json.Linq.JToken.ToObject(Type objectType, JsonSerializer jsonSerializer)
   at Newtonsoft.Json.Linq.JToken.ToObject(Type objectType)
   at Newtonsoft.Json.Linq.JToken.ToObject[T]()
   at Microsoft.SqlTools.Hosting.Protocol.MessageDispatcher.<>c__DisplayClass24_0`2.<SetRequestHandler>b__0(Message requestMessage, MessageWriter messageWriter)
   at Microsoft.SqlTools.Hosting.Protocol.MessageDispatcher.DispatchMessage(Message messageToDispatch, MessageWriter messageWriter)
   at Microsoft.SqlTools.Hosting.Protocol.MessageDispatcher.ListenForMessages(CancellationToken cancellationToken)
   at Microsoft.SqlTools.Utility.AsyncContext.Start(Func`1 asyncMainFunc)
   at System.Threading.ExecutionContext.RunInternal(ExecutionContext executionContext, ContextCallback callback, Object state)
--- End of stack trace from previous location where exception was thrown ---
   at System.Threading.Tasks.Task.ExecuteWithThreadLocal(Task& currentTaskSlot)
   --- End of inner exception stack trace ---
   --- End of inner exception stack trace ---
   at System.Threading.Tasks.Task.Wait(Int32 millisecondsTimeout, CancellationToken cancellationToken)
   at Microsoft.SqlTools.Hosting.Protocol.ProtocolEndpoint.WaitForExit()
   at Microsoft.SqlTools.ServiceLayer.Program.Main(String[] args)
---> (Inner Exception #0) System.AggregateException: One or more errors occurred. (Could not load file or assembly 'System.Drawing.Primitives, Version=4.2.0.0, Culture=neutral, PublicKeyToken=b03f5f7f11d50a3a'. The process cannot access the file because it is being used by another process. (Exception from HRESULT: 0x80070020)) ---> System.IO.FileLoadException: Could not load file or assembly 'System.Drawing.Primitives, Version=4.2.0.0, Culture=neutral, PublicKeyToken=b03f5f7f11d50a3a'. The process cannot access the file because it is being used by another process. (Exception from HRESULT: 0x80070020)
   at System.ComponentModel.ReflectTypeDescriptionProvider.<>c.<get_IntrinsicTypeConverters>b__22_0()
   at System.Threading.LazyInitializer.EnsureInitializedCore[T](T& target, Func`1 valueFactory)
   at System.ComponentModel.ReflectTypeDescriptionProvider.get_IntrinsicTypeConverters()
   at System.ComponentModel.ReflectTypeDescriptionProvider.ReflectedTypeData.GetConverter(Object instance)
   at System.ComponentModel.TypeDescriptor.TypeDescriptionNode.DefaultTypeDescriptor.System.ComponentModel.ICustomTypeDescriptor.GetConverter()
   at System.ComponentModel.TypeDescriptor.GetConverter(Type type)
   at Newtonsoft.Json.Serialization.JsonTypeReflector.CanTypeDescriptorConvertString(Type type, TypeConverter& typeConverter)
   at Newtonsoft.Json.Serialization.DefaultContractResolver.CanConvertToString(Type type)
   at Newtonsoft.Json.Serialization.DefaultContractResolver.CreateContract(Type objectType)
   at Newtonsoft.Json.Serialization.DefaultContractResolver.ResolveContract(Type type)
   at Newtonsoft.Json.Serialization.JsonSerializerInternalReader.Deserialize(JsonReader reader, Type objectType, Boolean checkAdditionalContent)
   at Newtonsoft.Json.JsonSerializer.DeserializeInternal(JsonReader reader, Type objectType)
   at Newtonsoft.Json.Linq.JToken.ToObject(Type objectType, JsonSerializer jsonSerializer)
   at Newtonsoft.Json.Linq.JToken.ToObject(Type objectType)
   at Newtonsoft.Json.Linq.JToken.ToObject[T]()
   at Microsoft.SqlTools.Hosting.Protocol.MessageDispatcher.<>c__DisplayClass24_0`2.<SetRequestHandler>b__0(Message requestMessage, MessageWriter messageWriter)
   at Microsoft.SqlTools.Hosting.Protocol.MessageDispatcher.DispatchMessage(Message messageToDispatch, MessageWriter messageWriter)
   at Microsoft.SqlTools.Hosting.Protocol.MessageDispatcher.ListenForMessages(CancellationToken cancellationToken)
   at Microsoft.SqlTools.Utility.AsyncContext.Start(Func`1 asyncMainFunc)
   at System.Threading.ExecutionContext.RunInternal(ExecutionContext executionContext, ContextCallback callback, Object state)
--- End of stack trace from previous location where exception was thrown ---
   at System.Threading.Tasks.Task.ExecuteWithThreadLocal(Task& currentTaskSlot)
   --- End of inner exception stack trace ---
---> (Inner Exception #0) System.IO.FileLoadException: Could not load file or assembly 'System.Drawing.Primitives, Version=4.2.0.0, Culture=neutral, PublicKeyToken=b03f5f7f11d50a3a'. The process cannot access the file because it is being used by another process. (Exception from HRESULT: 0x80070020)
File name: 'System.Drawing.Primitives, Version=4.2.0.0, Culture=neutral, PublicKeyToken=b03f5f7f11d50a3a'
   at System.ComponentModel.ReflectTypeDescriptionProvider.<>c.<get_IntrinsicTypeConverters>b__22_0()
   at System.Threading.LazyInitializer.EnsureInitializedCore[T](T& target, Func`1 valueFactory)
   at System.ComponentModel.ReflectTypeDescriptionProvider.get_IntrinsicTypeConverters()
   at System.ComponentModel.ReflectTypeDescriptionProvider.ReflectedTypeData.GetConverter(Object instance)
   at System.ComponentModel.TypeDescriptor.TypeDescriptionNode.DefaultTypeDescriptor.System.ComponentModel.ICustomTypeDescriptor.GetConverter()
   at System.ComponentModel.TypeDescriptor.GetConverter(Type type)
   at Newtonsoft.Json.Serialization.JsonTypeReflector.CanTypeDescriptorConvertString(Type type, TypeConverter& typeConverter)
   at Newtonsoft.Json.Serialization.DefaultContractResolver.CanConvertToString(Type type)
   at Newtonsoft.Json.Serialization.DefaultContractResolver.CreateContract(Type objectType)
   at Newtonsoft.Json.Serialization.DefaultContractResolver.ResolveContract(Type type)
   at Newtonsoft.Json.Serialization.JsonSerializerInternalReader.Deserialize(JsonReader reader, Type objectType, Boolean checkAdditionalContent)
   at Newtonsoft.Json.JsonSerializer.DeserializeInternal(JsonReader reader, Type objectType)
   at Newtonsoft.Json.Linq.JToken.ToObject(Type objectType, JsonSeria